
Showing logs for build [32mcb-kubecd-environment-pr-66-9-b-mr97s-1[0m stage [32mfrom-build-pack[0m and container [32mstep-credential-initializer-8pbh8[0m
{"level":"warn","ts":1568289306.3614614,"logger":"fallback-logger","caller":"logging/config.go:69","msg":"Fetch GitHub commit ID from kodata failed: \"ref: refs/heads/master\" is not a valid GitHub commit ID"}
{"level":"info","ts":1568289306.3632162,"logger":"fallback-logger","caller":"creds-init/main.go:40","msg":"Credentials initialized."}

Showing logs for build [32mcb-kubecd-environment-pr-66-9-b-mr97s-1[0m stage [32mfrom-build-pack[0m and container [32mstep-working-dir-initializer-rmdlg[0m
{"level":"warn","ts":1568289307.7969775,"logger":"fallback-logger","caller":"logging/config.go:69","msg":"Fetch GitHub commit ID from kodata failed: open /var/run/ko/HEAD: no such file or directory"}
{"level":"info","ts":1568289307.798784,"logger":"fallback-logger","caller":"bash/main.go:65","msg":"Successfully executed command \"mkdir -p /workspace/source /workspace/source/env\""}

Showing logs for build [32mcb-kubecd-environment-pr-66-9-b-mr97s-1[0m stage [32mfrom-build-pack[0m and container [32mstep-place-tools[0m

Showing logs for build [32mcb-kubecd-environment-pr-66-9-b-mr97s-1[0m stage [32mfrom-build-pack[0m and container [32mstep-git-source-cb-kubecd-environment-pr-66-9-b-v2jfk[0m
{"level":"warn","ts":1568289311.852907,"logger":"fallback-logger","caller":"logging/config.go:69","msg":"Fetch GitHub commit ID from kodata failed: \"ref: refs/heads/master\" is not a valid GitHub commit ID"}
{"level":"info","ts":1568289312.9266691,"logger":"fallback-logger","caller":"git/git.go:102","msg":"Successfully cloned https://github.com/cb-kubecd/environment-pr-66-9-boot-local-production.git @ 7f6fcea235cb144207df5de0631bf9154e80b190 in path /workspace/source"}

Showing logs for build [32mcb-kubecd-environment-pr-66-9-b-mr97s-1[0m stage [32mfrom-build-pack[0m and container [32mstep-git-merge[0m
Using SHAs from PULL_REFS=master:eee214154e03181698b246dc1fa12b5f9de1777c,1:7f6fcea235cb144207df5de0631bf9154e80b190
DEBUG: ran git fetch --unshallow origin 7f6fcea235cb144207df5de0631bf9154e80b190: eee214154e03181698b246dc1fa12b5f9de1777c: in 
DEBUG: ran git checkout master in 
DEBUG: ran git reset --hard eee214154e03181698b246dc1fa12b5f9de1777c in 
DEBUG: ran clean --force -d . in 
DEBUG: ran git merge 7f6fcea235cb144207df5de0631bf9154e80b190 in 
Merged SHA 7f6fcea235cb144207df5de0631bf9154e80b190 with commit message 'chore: Promote bdd-spring-1568288589 to version 0.0.1' into base branch master

Showing logs for build [32mcb-kubecd-environment-pr-66-9-b-mr97s-1[0m stage [32mfrom-build-pack[0m and container [32mstep-build-helm-build[0m
WARNING: No $CHART_REPOSITORY defined so using the default value of: http://jenkins-x-chartmuseum:8080
Adding missing Helm repo: storage.googleapis.com https://storage.googleapis.com/chartmuseum.jenkins-x.io
Successfully added Helm repository storage.googleapis.com.
Adding missing Helm repo: jenkins-x-chartmuseum http://jenkins-x-chartmuseum:8080
Successfully added Helm repository jenkins-x-chartmuseum.
WARNING: No $CHART_REPOSITORY defined so using the default value of: http://jenkins-x-chartmuseum:8080
Adding missing Helm repo: chartmuseum.jenkins-x.io http://chartmuseum.jenkins-x.io
Successfully added Helm repository chartmuseum.jenkins-x.io.
